
Date processesd: Tue Jan 25 06:36:53 EST 2022
POV image files created:
erik_copy_spaces_144_FC_POV_data.h
erik_copy_spaces_144_SC_POV_data.h
erik_copy_spaces_144_8b_POV_data.h
Settings used image= erik copy spaces.png units= inches height= 144 length = 39 offset= 18

Date processesd: Tue Jan 25 06:36:59 EST 2022
POV image files created:
erik_144_FC_POV_data.h
erik_144_SC_POV_data.h
erik_144_8b_POV_data.h
Settings used image= erik.png units= inches height= 144 length = 39 offset= 18

Date processesd: Tue Jan 25 06:37:07 EST 2022
POV image files created:
erik_copy_spaces_72_FC_POV_data.h
erik_copy_spaces_72_SC_POV_data.h
erik_copy_spaces_72_8b_POV_data.h
Settings used image= erik copy spaces.png units= centimeters height= 72 length = 50 offset= 39

Date processesd: Tue Jan 25 06:37:10 EST 2022
POV image files created:
erik_72_FC_POV_data.h
erik_72_SC_POV_data.h
erik_72_8b_POV_data.h
Settings used image= erik.png units= centimeters height= 72 length = 50 offset= 39

Date processesd: Tue Jan 25 06:37:46 EST 2022
POV image files created:
bob_116_FC_POV_data.h
bob_116_SC_POV_data.h
bob_116_8b_POV_data.h
Settings used image= bob.png units= centimeters height= 116 length = 80 offset= 10

Date processesd: Tue Jan 25 06:37:52 EST 2022
POV image files created:
erik_116_FC_POV_data.h
erik_116_SC_POV_data.h
erik_116_8b_POV_data.h
Settings used image= erik.png units= centimeters height= 116 length = 80 offset= 10

Date processesd: Tue Jan 25 06:45:53 EST 2022
POV image files created:
erik_72_FC_POV_data.h
erik_72_SC_POV_data.h
erik_72_8b_POV_data.h
Settings used: units= centimeters height= 72 length = 50 offset= 15

Date processesd: Tue Jan 25 06:45:55 EST 2022
POV image files created:
JIMBOBBILLYBOBJOEBOBJOE_72_FC_POV_data.h
JIMBOBBILLYBOBJOEBOBJOE_72_SC_POV_data.h
JIMBOBBILLYBOBJOEBOBJOE_72_8b_POV_data.h
Settings used: units= centimeters height= 72 length = 50 offset= 15

Date processesd: Tue Jan 25 06:46:06 EST 2022
POV image files created:
erik_144_FC_POV_data.h
erik_144_SC_POV_data.h
erik_144_8b_POV_data.h
Settings used: units= inches height= 144 length = 39 offset= 18

Date processesd: Tue Jan 25 06:46:12 EST 2022
POV image files created:
JIMBOBBILLYBOBJOEBOBJOE_144_FC_POV_data.h
JIMBOBBILLYBOBJOEBOBJOE_144_SC_POV_data.h
JIMBOBBILLYBOBJOEBOBJOE_144_8b_POV_data.h
Settings used: units= inches height= 144 length = 39 offset= 18

Date processesd: Tue Jan 25 06:46:28 EST 2022
POV image files created:
erik_144_FC_POV_data.h
erik_144_SC_POV_data.h
erik_144_8b_POV_data.h
Settings used: units= inches height= 144 length = 39 offset= 18

Date processesd: Tue Jan 25 06:46:35 EST 2022
POV image files created:
JIMBOBBILLYBOBJOEBOBJOE_144_FC_POV_data.h
JIMBOBBILLYBOBJOEBOBJOE_144_SC_POV_data.h
JIMBOBBILLYBOBJOEBOBJOE_144_8b_POV_data.h
Settings used: units= inches height= 144 length = 39 offset= 18

Date processesd: Tue Jan 25 06:46:35 EST 2022
POV image files created:
maketmp_144_FC_POV_data.h
maketmp_144_SC_POV_data.h
maketmp_144_8b_POV_data.h
Settings used: units= inches height= 144 length = 39 offset= 18

Date processesd: Tue Jan 25 06:47:39 EST 2022
POV image files created:
erik_72_FC_POV_data.h
erik_72_SC_POV_data.h
erik_72_8b_POV_data.h
Settings used: units= centimeters height= 72 length = 50 offset= 39

Date processesd: Tue Jan 25 06:47:42 EST 2022
POV image files created:
JIMBOBBILLYBOBJOEBOBJOE_72_FC_POV_data.h
JIMBOBBILLYBOBJOEBOBJOE_72_SC_POV_data.h
JIMBOBBILLYBOBJOEBOBJOE_72_8b_POV_data.h
Settings used: units= centimeters height= 72 length = 50 offset= 39

Date processesd: Tue Jan 25 07:03:26 EST 2022
POV image files created:
erik_111_FC_POV_data.h
erik_111_SC_POV_data.h
erik_111_8b_POV_data.h
Settings used: units= inches height= 111 length = 39 offset= 18

Date processesd: Tue Jan 25 07:03:31 EST 2022
POV image files created:
JIMBOBBILLYBOBJOEBOBJOE_111_FC_POV_data.h
JIMBOBBILLYBOBJOEBOBJOE_111_SC_POV_data.h
JIMBOBBILLYBOBJOEBOBJOE_111_8b_POV_data.h
Settings used: units= inches height= 111 length = 39 offset= 18

Date processesd: Tue Jan 25 07:03:37 EST 2022
POV image files created:
erik_72_FC_POV_data.h
erik_72_SC_POV_data.h
erik_72_8b_POV_data.h
Settings used: units= centimeters height= 72 length = 50 offset= 39

Date processesd: Tue Jan 25 07:03:40 EST 2022
POV image files created:
JIMBOBBILLYBOBJOEBOBJOE_72_FC_POV_data.h
JIMBOBBILLYBOBJOEBOBJOE_72_SC_POV_data.h
JIMBOBBILLYBOBJOEBOBJOE_72_8b_POV_data.h
Settings used: units= centimeters height= 72 length = 50 offset= 39

Date processesd: Tue Jan 25 07:07:07 EST 2022
POV image files created:
erik_144_FC_POV_data.h
erik_144_SC_POV_data.h
erik_144_8b_POV_data.h
Settings used: units= inches height= 144 length = 39 offset= 18

Date processesd: Tue Jan 25 07:07:13 EST 2022
POV image files created:
JIMBOBBILLYBOBJOEBOBJOE_144_FC_POV_data.h
JIMBOBBILLYBOBJOEBOBJOE_144_SC_POV_data.h
JIMBOBBILLYBOBJOEBOBJOE_144_8b_POV_data.h
Settings used: units= inches height= 144 length = 39 offset= 18

Date processesd: Tue Jan 25 07:08:12 EST 2022
POV image files created:
erik_111_FC_POV_data.h
erik_111_SC_POV_data.h
erik_111_8b_POV_data.h
Settings used: units= centimeters height= 111 length = 55 offset= 46

Date processesd: Tue Jan 25 07:08:17 EST 2022
POV image files created:
JIMBOBBILLYBOBJOEBOBJOE_111_FC_POV_data.h
JIMBOBBILLYBOBJOEBOBJOE_111_SC_POV_data.h
JIMBOBBILLYBOBJOEBOBJOE_111_8b_POV_data.h
Settings used: units= centimeters height= 111 length = 55 offset= 46

Date processesd: Tue Jan 25 07:08:27 EST 2022
POV image files created:
erik_123_FC_POV_data.h
erik_123_SC_POV_data.h
erik_123_8b_POV_data.h
Settings used: units= inches height= 123 length = 12 offset= 18

Date processesd: Tue Jan 25 07:08:33 EST 2022
POV image files created:
JIMBOBBILLYBOBJOEBOBJOE_123_FC_POV_data.h
JIMBOBBILLYBOBJOEBOBJOE_123_SC_POV_data.h
JIMBOBBILLYBOBJOEBOBJOE_123_8b_POV_data.h
Settings used: units= inches height= 123 length = 12 offset= 18

Date processesd: Tue Jan 25 07:08:33 EST 2022
POV image files created:
maketmp_123_FC_POV_data.h
maketmp_123_SC_POV_data.h
maketmp_123_8b_POV_data.h
Settings used: units= inches height= 123 length = 12 offset= 18

Date processesd: Tue Jan 25 07:08:54 EST 2022
POV image files created:
erik_111_FC_POV_data.h
erik_111_SC_POV_data.h
erik_111_8b_POV_data.h
Settings used: units= inches height= 111 length = 33 offset= 10

Date processesd: Tue Jan 25 07:08:59 EST 2022
POV image files created:
JIMBOBBILLYBOBJOEBOBJOE_111_FC_POV_data.h
JIMBOBBILLYBOBJOEBOBJOE_111_SC_POV_data.h
JIMBOBBILLYBOBJOEBOBJOE_111_8b_POV_data.h
Settings used: units= inches height= 111 length = 33 offset= 10

Date processesd: Tue Jan 25 07:15:51 EST 2022
POV image files created:
erik_116_FC_POV_data.h
erik_116_SC_POV_data.h
erik_116_8b_POV_data.h
Settings used: units= centimeters height= 116 length = 55 offset= 5

Date processesd: Tue Jan 25 07:15:57 EST 2022
POV image files created:
JIMBOBBILLYBOBJOEBOBJOE_116_FC_POV_data.h
JIMBOBBILLYBOBJOEBOBJOE_116_SC_POV_data.h
JIMBOBBILLYBOBJOEBOBJOE_116_8b_POV_data.h
Settings used: units= centimeters height= 116 length = 55 offset= 5

Date processesd: Tue Jan 25 07:17:20 EST 2022
POV image files created:
erik_72_FC_POV_data.h
erik_72_SC_POV_data.h
erik_72_8b_POV_data.h
Settings used: units: centimeters height: 72 length : 50 offset: 39

Date processesd: Tue Jan 25 07:17:23 EST 2022
POV image files created:
JIMBOBBILLYBOBJOEBOBJOE_72_FC_POV_data.h
JIMBOBBILLYBOBJOEBOBJOE_72_SC_POV_data.h
JIMBOBBILLYBOBJOEBOBJOE_72_8b_POV_data.h
Settings used: units: centimeters height: 72 length : 50 offset: 39

Date processesd: Tue Jan 25 07:21:03 EST 2022
POV image files created:
erik_72_FC_POV_data.h
erik_72_SC_POV_data.h
erik_72_8b_POV_data.h
Settings used:
height = 72 pixels
length = 50
Date processesd: Tue Jan 25 07:21:06 EST 2022
POV image files created:
JIMBOBBILLYBOBJOEBOBJOE_72_FC_POV_data.h
JIMBOBBILLYBOBJOEBOBJOE_72_SC_POV_data.h
JIMBOBBILLYBOBJOEBOBJOE_72_8b_POV_data.h
Settings used:
height = 72 pixels
length = 50
Date processesd: Tue Jan 25 07:23:15 EST 2022
POV image files created:
erik_72_FC_POV_data.h
erik_72_SC_POV_data.h
erik_72_8b_POV_data.h
Settings used:
height = 72 pixels
length = 50 centimeters
offset = 15 centimeters

Date processesd: Tue Jan 25 07:23:18 EST 2022
POV image files created:
JIMBOBBILLYBOBJOEBOBJOE_72_FC_POV_data.h
JIMBOBBILLYBOBJOEBOBJOE_72_SC_POV_data.h
JIMBOBBILLYBOBJOEBOBJOE_72_8b_POV_data.h
Settings used:
height = 72 pixels
length = 50 centimeters
offset = 15 centimeters

Date processesd: Tue Jan 25 07:23:44 EST 2022
POV image files created:
erik_132_FC_POV_data.h
erik_132_SC_POV_data.h
erik_132_8b_POV_data.h
Settings used:
height = 132 pixels
length = 39 inches
offset = 18 inches

Date processesd: Tue Jan 25 07:23:50 EST 2022
POV image files created:
JIMBOBBILLYBOBJOEBOBJOE_132_FC_POV_data.h
JIMBOBBILLYBOBJOEBOBJOE_132_SC_POV_data.h
JIMBOBBILLYBOBJOEBOBJOE_132_8b_POV_data.h
Settings used:
height = 132 pixels
length = 39 inches
offset = 18 inches

Date processesd: Tue Jan 25 07:27:01 EST 2022
POV image files created:
erik_123_FC_POV_data.h
erik_123_SC_POV_data.h
erik_123_8b_POV_data.h
Settings used:
height = 123 pixels
length = =34 inches
offset = 18 inches

Date processesd: Tue Jan 25 07:27:07 EST 2022
POV image files created:
JIMBOBBILLYBOBJOEBOBJOE_123_FC_POV_data.h
JIMBOBBILLYBOBJOEBOBJOE_123_SC_POV_data.h
JIMBOBBILLYBOBJOEBOBJOE_123_8b_POV_data.h
Settings used:
height = 123 pixels
length = =34 inches
offset = 18 inches

Date processesd: Tue Jan 25 07:34:53 EST 2022
POV image files created:
erik_111_FC_POV_data.h
erik_111_SC_POV_data.h
erik_111_8b_POV_data.h
Settings used:
height = 111 pixels
length = 39 inches
offset = 18 inches

Date processesd: Tue Jan 25 07:34:58 EST 2022
POV image files created:
JIMBOBBILLYBOBJOEBOBJOE_111_FC_POV_data.h
JIMBOBBILLYBOBJOEBOBJOE_111_SC_POV_data.h
JIMBOBBILLYBOBJOEBOBJOE_111_8b_POV_data.h
Settings used:
height = 111 pixels
length = 39 inches
offset = 18 inches

Date processesd: Tue Jan 25 07:36:03 EST 2022
POV image files created:
erik_56_FC_POV_data.h
erik_56_SC_POV_data.h
erik_56_8b_POV_data.h
Settings used:
height = 56 pixels
length = 39 inches
offset = 18 inches

Date processesd: Tue Jan 25 07:36:05 EST 2022
POV image files created:
JIMBOBBILLYBOBJOEBOBJOE_56_FC_POV_data.h
JIMBOBBILLYBOBJOEBOBJOE_56_SC_POV_data.h
JIMBOBBILLYBOBJOEBOBJOE_56_8b_POV_data.h
Settings used:
height = 56 pixels
length = 39 inches
offset = 18 inches

Date processesd: Tue Jan 25 07:38:07 EST 2022
POV image files created:
erik_30_FC_POV_data.h
erik_30_SC_POV_data.h
erik_30_8b_POV_data.h
Settings used:
height = 30 pixels
length = 39 inches
offset = 18 inches

Date processesd: Tue Jan 25 07:38:09 EST 2022
POV image files created:
JIMBOBBILLYBOBJOEBOBJOE_30_FC_POV_data.h
JIMBOBBILLYBOBJOEBOBJOE_30_SC_POV_data.h
JIMBOBBILLYBOBJOEBOBJOE_30_8b_POV_data.h
Settings used:
height = 30 pixels
length = 39 inches
offset = 18 inches

Date processesd: Tue Jan 25 07:39:15 EST 2022
POV image files created:
erik_23_FC_POV_data.h
erik_23_SC_POV_data.h
erik_23_8b_POV_data.h
Settings used:
height = 23 pixels
length = 6 inches
offset = 18 inches

Date processesd: Tue Jan 25 07:39:16 EST 2022
POV image files created:
JIMBOBBILLYBOBJOEBOBJOE_23_FC_POV_data.h
JIMBOBBILLYBOBJOEBOBJOE_23_SC_POV_data.h
JIMBOBBILLYBOBJOEBOBJOE_23_8b_POV_data.h
Settings used:
height = 23 pixels
length = 6 inches
offset = 18 inches

Date processesd: Tue Jan 25 07:40:11 EST 2022
POV image files created:
erik_26_FC_POV_data.h
erik_26_SC_POV_data.h
erik_26_8b_POV_data.h
Settings used:
height = 26 pixels
length = 7 inches
offset = 18 inches

Date processesd: Tue Jan 25 07:40:12 EST 2022
POV image files created:
JIMBOBBILLYBOBJOEBOBJOE_26_FC_POV_data.h
JIMBOBBILLYBOBJOEBOBJOE_26_SC_POV_data.h
JIMBOBBILLYBOBJOEBOBJOE_26_8b_POV_data.h
Settings used:
height = 26 pixels
length = 7 inches
offset = 18 inches

Date processesd: Tue Jan 25 07:43:02 EST 2022
POV image files created in ProffieOS/styles:
erik_144_FC_POV_data.h
erik_144_SC_POV_data.h
erik_144_8b_POV_data.h
Settings used:
height = 144 pixels
length = 39 inches
offset = 18 inches

Date processesd: Tue Jan 25 07:43:09 EST 2022
POV image files created in ProffieOS/styles:
JIMBOBBILLYBOBJOEBOBJOE_144_FC_POV_data.h
JIMBOBBILLYBOBJOEBOBJOE_144_SC_POV_data.h
JIMBOBBILLYBOBJOEBOBJOE_144_8b_POV_data.h
Settings used:
height = 144 pixels
length = 39 inches
offset = 18 inches

Date processesd: Tue Jan 25 07:44:09 EST 2022
POV image files created in ProffieOS/styles:
../styles/erik_72_FC_POV_data.h
erik_72_SC_POV_data.h
erik_72_8b_POV_data.h
Settings used:
height = 72 pixels
length = 50 centimeters
offset = 15 centimeters

Date processesd: Tue Jan 25 07:44:12 EST 2022
POV image files created in ProffieOS/styles:
../styles/JIMBOBBILLYBOBJOEBOBJOE_72_FC_POV_data.h
JIMBOBBILLYBOBJOEBOBJOE_72_SC_POV_data.h
JIMBOBBILLYBOBJOEBOBJOE_72_8b_POV_data.h
Settings used:
height = 72 pixels
length = 50 centimeters
offset = 15 centimeters

Date processesd: Tue Jan 25 07:44:47 EST 2022
POV image files created in /styles:
erik_72_FC_POV_data.h
erik_72_SC_POV_data.h
erik_72_8b_POV_data.h
Settings used:
height = 72 pixels
length = 50 centimeters
offset = 39 centimeters

Date processesd: Tue Jan 25 07:44:50 EST 2022
POV image files created in /styles:
JIMBOBBILLYBOBJOEBOBJOE_72_FC_POV_data.h
JIMBOBBILLYBOBJOEBOBJOE_72_SC_POV_data.h
JIMBOBBILLYBOBJOEBOBJOE_72_8b_POV_data.h
Settings used:
height = 72 pixels
length = 50 centimeters
offset = 39 centimeters

Date processesd: Tue Jan 25 07:57:27 EST 2022
POV image files created in /styles:
erikBC831.1177_116_FC_POV_data.h
erikBC831.1177_116_SC_POV_data.h
erikBC831.1177_116_8b_POV_data.h
Settings used:
height = 116 pixels
length = 80 centimeters
offset = 10 centimeters

Date processesd: Tue Jan 25 08:06:12 EST 2022
POV image files created in /styles:
1024px-Star_Wars_Logo.svg_116_FC_POV_data.h
1024px-Star_Wars_Logo.svg_116_SC_POV_data.h
1024px-Star_Wars_Logo.svg_116_8b_POV_data.h
Settings used:
height = 116 pixels
length = 80 centimeters
offset = 10 centimeters

Date processesd: Tue Jan 25 08:10:32 EST 2022
POV image files created in /styles:
1024px-Star_Wars_Logo.svg_144_FC_POV_data.h
1024px-Star_Wars_Logo.svg_144_SC_POV_data.h
1024px-Star_Wars_Logo.svg_144_8b_POV_data.h
Settings used:
height = 144 pixels
length = 39 inches
offset = 18 inches

Date processesd: Wed Jan 26 22:39:49 EST 2022
POV image files created in /styles:
1024px-Star_Wars_Logo.svg_144_FC_POV_data.h
1024px-Star_Wars_Logo.svg_144_SC_POV_data.h
1024px-Star_Wars_Logo.svg_144_8b_POV_data.h
Settings used:
height = 144 pixels
length = 39 inches
offset = 18 inches

Date processesd: Wed Jan 26 22:39:56 EST 2022
POV image files created in /styles:
erik_BIG831x2048_144_FC_POV_data.h
erik_BIG831x2048_144_SC_POV_data.h
erik_BIG831x2048_144_8b_POV_data.h
Settings used:
height = 144 pixels
length = 39 inches
offset = 18 inches
